<?xml version='1.0' encoding='UTF-8'?>
<testsuite hostname="oegnus-Lenovo-G50-70" name="ServiceSpec" tests="11" errors="0" failures="0" time="1.367">
                     <properties>
[...]
</properties>
                     <testcase classname="ServiceSpec" name="should respond with message" time="0.57">
                                                 
                                               </testcase><testcase classname="ServiceSpec" name="should respond with list of messages" time="0.046">
                                                 
                                               </testcase><testcase classname="ServiceSpec" name="should use 'before' and 'after' params" time="0.14">
                                                 
                                               </testcase><testcase classname="ServiceSpec" name="should respond to posting new message" time="0.465">
                                                 
                                               </testcase><testcase classname="ServiceSpec" name="should respond with bad request to posting invalid new message" time="0.011">
                                                 
                                               </testcase><testcase classname="ServiceSpec" name="should respond to putting new message" time="0.024">
                                                 
                                               </testcase><testcase classname="ServiceSpec" name="should respond with error to putting with nonexisting id" time="0.018">
                                                 
                                               </testcase><testcase classname="ServiceSpec" name="should respond to patching message" time="0.025">
                                                 
                                               </testcase><testcase classname="ServiceSpec" name="should respond with error to patching with nonexisting id" time="0.014">
                                                 
                                               </testcase><testcase classname="ServiceSpec" name="should patch message" time="0.027">
                                                 
                                               </testcase><testcase classname="ServiceSpec" name="should respond to deleting message" time="0.027">
                                                 
                                               </testcase>
                     <system-out></system-out>
                     <system-err></system-err>
                   </testsuite>